17-Jul-2021 00:45:02.039 INFO [main] org.apache.catalina.startup.VersionLoggerListener.log Server version name:   Apache Tomcat/9.0.50
17-Jul-2021 00:45:02.043 INFO [main] org.apache.catalina.startup.VersionLoggerListener.log Server built:          Jun 28 2021 08:46:44 UTC
17-Jul-2021 00:45:02.043 INFO [main] org.apache.catalina.startup.VersionLoggerListener.log Server version number: 9.0.50.0
17-Jul-2021 00:45:02.043 INFO [main] org.apache.catalina.startup.VersionLoggerListener.log OS Name:               Linux
17-Jul-2021 00:45:02.043 INFO [main] org.apache.catalina.startup.VersionLoggerListener.log OS Version:            5.8.0-59-generic
17-Jul-2021 00:45:02.043 INFO [main] org.apache.catalina.startup.VersionLoggerListener.log Architecture:          amd64
17-Jul-2021 00:45:02.044 INFO [main] org.apache.catalina.startup.VersionLoggerListener.log Java Home:             /usr/lib/jvm/java-11-openjdk-amd64
17-Jul-2021 00:45:02.044 INFO [main] org.apache.catalina.startup.VersionLoggerListener.log JVM Version:           11.0.11+9-Ubuntu-0ubuntu2.20.04
17-Jul-2021 00:45:02.044 INFO [main] org.apache.catalina.startup.VersionLoggerListener.log JVM Vendor:            Ubuntu
17-Jul-2021 00:45:02.044 INFO [main] org.apache.catalina.startup.VersionLoggerListener.log CATALINA_BASE:         /home/sammith/tomcat/apache-tomcat-9.0.50
17-Jul-2021 00:45:02.044 INFO [main] org.apache.catalina.startup.VersionLoggerListener.log CATALINA_HOME:         /home/sammith/tomcat/apache-tomcat-9.0.50
17-Jul-2021 00:45:02.056 INFO [main] org.apache.catalina.startup.VersionLoggerListener.log Command line argument: --add-opens=java.base/java.lang=ALL-UNNAMED
17-Jul-2021 00:45:02.057 INFO [main] org.apache.catalina.startup.VersionLoggerListener.log Command line argument: --add-opens=java.base/java.io=ALL-UNNAMED
17-Jul-2021 00:45:02.057 INFO [main] org.apache.catalina.startup.VersionLoggerListener.log Command line argument: --add-opens=java.base/java.util=ALL-UNNAMED
17-Jul-2021 00:45:02.057 INFO [main] org.apache.catalina.startup.VersionLoggerListener.log Command line argument: --add-opens=java.base/java.util.concurrent=ALL-UNNAMED
17-Jul-2021 00:45:02.057 INFO [main] org.apache.catalina.startup.VersionLoggerListener.log Command line argument: --add-opens=java.rmi/sun.rmi.transport=ALL-UNNAMED
17-Jul-2021 00:45:02.057 INFO [main] org.apache.catalina.startup.VersionLoggerListener.log Command line argument: -Djava.util.logging.config.file=/home/sammith/tomcat/apache-tomcat-9.0.50/conf/logging.properties
17-Jul-2021 00:45:02.057 INFO [main] org.apache.catalina.startup.VersionLoggerListener.log Command line argument: -Djava.util.logging.manager=org.apache.juli.ClassLoaderLogManager
17-Jul-2021 00:45:02.058 INFO [main] org.apache.catalina.startup.VersionLoggerListener.log Command line argument: -Djdk.tls.ephemeralDHKeySize=2048
17-Jul-2021 00:45:02.058 INFO [main] org.apache.catalina.startup.VersionLoggerListener.log Command line argument: -Djava.protocol.handler.pkgs=org.apache.catalina.webresources
17-Jul-2021 00:45:02.058 INFO [main] org.apache.catalina.startup.VersionLoggerListener.log Command line argument: -Dorg.apache.catalina.security.SecurityListener.UMASK=0027
17-Jul-2021 00:45:02.058 INFO [main] org.apache.catalina.startup.VersionLoggerListener.log Command line argument: -Dignore.endorsed.dirs=
17-Jul-2021 00:45:02.058 INFO [main] org.apache.catalina.startup.VersionLoggerListener.log Command line argument: -Dcatalina.base=/home/sammith/tomcat/apache-tomcat-9.0.50
17-Jul-2021 00:45:02.058 INFO [main] org.apache.catalina.startup.VersionLoggerListener.log Command line argument: -Dcatalina.home=/home/sammith/tomcat/apache-tomcat-9.0.50
17-Jul-2021 00:45:02.058 INFO [main] org.apache.catalina.startup.VersionLoggerListener.log Command line argument: -Djava.io.tmpdir=/home/sammith/tomcat/apache-tomcat-9.0.50/temp
17-Jul-2021 00:45:02.059 INFO [main] org.apache.catalina.core.AprLifecycleListener.lifecycleEvent The Apache Tomcat Native library which allows using OpenSSL was not found on the java.library.path: [/usr/java/packages/lib:/usr/lib/x86_64-linux-gnu/jni:/lib/x86_64-linux-gnu:/usr/lib/x86_64-linux-gnu:/usr/lib/jni:/lib:/usr/lib]
17-Jul-2021 00:45:02.452 INFO [main] org.apache.coyote.AbstractProtocol.init Initializing ProtocolHandler ["http-nio-8080"]
17-Jul-2021 00:45:02.482 INFO [main] org.apache.catalina.startup.Catalina.load Server initialization in [688] milliseconds
17-Jul-2021 00:45:02.557 INFO [main] org.apache.catalina.core.StandardService.startInternal Starting service [Catalina]
17-Jul-2021 00:45:02.558 INFO [main] org.apache.catalina.core.StandardEngine.startInternal Starting Servlet engine: [Apache Tomcat/9.0.50]
17-Jul-2021 00:45:02.567 INFO [main] org.apache.catalina.startup.HostConfig.deployDirectory Deploying web application directory [/home/sammith/tomcat/apache-tomcat-9.0.50/webapps/ROOT]
17-Jul-2021 00:45:02.843 INFO [main] org.apache.catalina.startup.HostConfig.deployDirectory Deployment of web application directory [/home/sammith/tomcat/apache-tomcat-9.0.50/webapps/ROOT] has finished in [276] ms
17-Jul-2021 00:45:02.843 INFO [main] org.apache.catalina.startup.HostConfig.deployDirectory Deploying web application directory [/home/sammith/tomcat/apache-tomcat-9.0.50/webapps/manager]
17-Jul-2021 00:45:02.882 INFO [main] org.apache.catalina.startup.HostConfig.deployDirectory Deployment of web application directory [/home/sammith/tomcat/apache-tomcat-9.0.50/webapps/manager] has finished in [39] ms
17-Jul-2021 00:45:02.882 INFO [main] org.apache.catalina.startup.HostConfig.deployDirectory Deploying web application directory [/home/sammith/tomcat/apache-tomcat-9.0.50/webapps/docs]
17-Jul-2021 00:45:02.904 INFO [main] org.apache.catalina.startup.HostConfig.deployDirectory Deployment of web application directory [/home/sammith/tomcat/apache-tomcat-9.0.50/webapps/docs] has finished in [22] ms
17-Jul-2021 00:45:02.904 INFO [main] org.apache.catalina.startup.HostConfig.deployDirectory Deploying web application directory [/home/sammith/tomcat/apache-tomcat-9.0.50/webapps/host-manager]
17-Jul-2021 00:45:02.931 INFO [main] org.apache.catalina.startup.HostConfig.deployDirectory Deployment of web application directory [/home/sammith/tomcat/apache-tomcat-9.0.50/webapps/host-manager] has finished in [27] ms
17-Jul-2021 00:45:02.932 INFO [main] org.apache.catalina.startup.HostConfig.deployDirectory Deploying web application directory [/home/sammith/tomcat/apache-tomcat-9.0.50/webapps/examples]
17-Jul-2021 00:45:03.191 INFO [main] org.apache.catalina.startup.HostConfig.deployDirectory Deployment of web application directory [/home/sammith/tomcat/apache-tomcat-9.0.50/webapps/examples] has finished in [260] ms
17-Jul-2021 00:45:03.210 INFO [main] org.apache.coyote.AbstractProtocol.start Starting ProtocolHandler ["http-nio-8080"]
17-Jul-2021 00:45:03.233 INFO [main] org.apache.catalina.startup.Catalina.start Server startup in [750] milliseconds
17-Jul-2021 00:45:55.186 INFO [catalina-exec-1] org.apache.catalina.startup.HostConfig.deployWAR Deploying web application archive [/home/sammith/tomcat/apache-tomcat-9.0.50/webapps/chat-app.war]
17-Jul-2021 00:45:56.915 INFO [catalina-exec-1] org.apache.jasper.servlet.TldScanner.scanJars At least one JAR was scanned for TLDs yet contained no TLDs. Enable debug logging for this logger for a complete list of JARs that were scanned but no TLDs were found in them. Skipping unneeded JARs during scanning can improve startup time and JSP compilation time.
17-Jul-2021 00:45:57.837 INFO [catalina-exec-1] org.apache.catalina.startup.HostConfig.deployWAR Deployment of web application archive [/home/sammith/tomcat/apache-tomcat-9.0.50/webapps/chat-app.war] has finished in [2,651] ms
17-Jul-2021 00:49:58.930 INFO [catalina-exec-4] org.apache.catalina.util.LifecycleBase.stop The stop() method was called on component [StandardEngine[Catalina].StandardHost[localhost].StandardContext[/chat-app]] after stop() had already been called. The second call will be ignored.
17-Jul-2021 00:49:59.490 INFO [catalina-exec-4] org.apache.catalina.startup.HostConfig.undeploy Undeploying context [/chat-app]
17-Jul-2021 00:50:20.886 INFO [Thread-2] org.apache.coyote.AbstractProtocol.pause Pausing ProtocolHandler ["http-nio-8080"]
17-Jul-2021 00:50:20.904 INFO [Thread-2] org.apache.catalina.core.StandardService.stopInternal Stopping service [Catalina]
17-Jul-2021 00:50:20.961 INFO [Thread-2] org.apache.coyote.AbstractProtocol.stop Stopping ProtocolHandler ["http-nio-8080"]
17-Jul-2021 00:50:21.001 INFO [Thread-2] org.apache.coyote.AbstractProtocol.destroy Destroying ProtocolHandler ["http-nio-8080"]
17-Jul-2021 00:54:42.954 INFO [main] org.apache.catalina.startup.VersionLoggerListener.log Server version name:   Apache Tomcat/9.0.50
17-Jul-2021 00:54:42.958 INFO [main] org.apache.catalina.startup.VersionLoggerListener.log Server built:          Jun 28 2021 08:46:44 UTC
17-Jul-2021 00:54:42.958 INFO [main] org.apache.catalina.startup.VersionLoggerListener.log Server version number: 9.0.50.0
17-Jul-2021 00:54:42.958 INFO [main] org.apache.catalina.startup.VersionLoggerListener.log OS Name:               Linux
17-Jul-2021 00:54:42.958 INFO [main] org.apache.catalina.startup.VersionLoggerListener.log OS Version:            5.8.0-59-generic
17-Jul-2021 00:54:42.958 INFO [main] org.apache.catalina.startup.VersionLoggerListener.log Architecture:          amd64
17-Jul-2021 00:54:42.959 INFO [main] org.apache.catalina.startup.VersionLoggerListener.log Java Home:             /usr/lib/jvm/java-11-openjdk-amd64
17-Jul-2021 00:54:42.959 INFO [main] org.apache.catalina.startup.VersionLoggerListener.log JVM Version:           11.0.11+9-Ubuntu-0ubuntu2.20.04
17-Jul-2021 00:54:42.959 INFO [main] org.apache.catalina.startup.VersionLoggerListener.log JVM Vendor:            Ubuntu
17-Jul-2021 00:54:42.960 INFO [main] org.apache.catalina.startup.VersionLoggerListener.log CATALINA_BASE:         /home/sammith/tomcat/apache-tomcat-9.0.50
17-Jul-2021 00:54:42.960 INFO [main] org.apache.catalina.startup.VersionLoggerListener.log CATALINA_HOME:         /home/sammith/tomcat/apache-tomcat-9.0.50
17-Jul-2021 00:54:42.971 INFO [main] org.apache.catalina.startup.VersionLoggerListener.log Command line argument: --add-opens=java.base/java.lang=ALL-UNNAMED
17-Jul-2021 00:54:42.971 INFO [main] org.apache.catalina.startup.VersionLoggerListener.log Command line argument: --add-opens=java.base/java.io=ALL-UNNAMED
17-Jul-2021 00:54:42.971 INFO [main] org.apache.catalina.startup.VersionLoggerListener.log Command line argument: --add-opens=java.base/java.util=ALL-UNNAMED
17-Jul-2021 00:54:42.971 INFO [main] org.apache.catalina.startup.VersionLoggerListener.log Command line argument: --add-opens=java.base/java.util.concurrent=ALL-UNNAMED
17-Jul-2021 00:54:42.971 INFO [main] org.apache.catalina.startup.VersionLoggerListener.log Command line argument: --add-opens=java.rmi/sun.rmi.transport=ALL-UNNAMED
17-Jul-2021 00:54:42.971 INFO [main] org.apache.catalina.startup.VersionLoggerListener.log Command line argument: -Djava.util.logging.config.file=/home/sammith/tomcat/apache-tomcat-9.0.50/conf/logging.properties
17-Jul-2021 00:54:42.972 INFO [main] org.apache.catalina.startup.VersionLoggerListener.log Command line argument: -Djava.util.logging.manager=org.apache.juli.ClassLoaderLogManager
17-Jul-2021 00:54:42.972 INFO [main] org.apache.catalina.startup.VersionLoggerListener.log Command line argument: -Djdk.tls.ephemeralDHKeySize=2048
17-Jul-2021 00:54:42.972 INFO [main] org.apache.catalina.startup.VersionLoggerListener.log Command line argument: -Djava.protocol.handler.pkgs=org.apache.catalina.webresources
17-Jul-2021 00:54:42.972 INFO [main] org.apache.catalina.startup.VersionLoggerListener.log Command line argument: -Dorg.apache.catalina.security.SecurityListener.UMASK=0027
17-Jul-2021 00:54:42.972 INFO [main] org.apache.catalina.startup.VersionLoggerListener.log Command line argument: -Dignore.endorsed.dirs=
17-Jul-2021 00:54:42.972 INFO [main] org.apache.catalina.startup.VersionLoggerListener.log Command line argument: -Dcatalina.base=/home/sammith/tomcat/apache-tomcat-9.0.50
17-Jul-2021 00:54:42.973 INFO [main] org.apache.catalina.startup.VersionLoggerListener.log Command line argument: -Dcatalina.home=/home/sammith/tomcat/apache-tomcat-9.0.50
17-Jul-2021 00:54:42.973 INFO [main] org.apache.catalina.startup.VersionLoggerListener.log Command line argument: -Djava.io.tmpdir=/home/sammith/tomcat/apache-tomcat-9.0.50/temp
17-Jul-2021 00:54:42.974 INFO [main] org.apache.catalina.core.AprLifecycleListener.lifecycleEvent The Apache Tomcat Native library which allows using OpenSSL was not found on the java.library.path: [/usr/java/packages/lib:/usr/lib/x86_64-linux-gnu/jni:/lib/x86_64-linux-gnu:/usr/lib/x86_64-linux-gnu:/usr/lib/jni:/lib:/usr/lib]
17-Jul-2021 00:54:43.374 INFO [main] org.apache.coyote.AbstractProtocol.init Initializing ProtocolHandler ["http-nio-8080"]
17-Jul-2021 00:54:43.405 INFO [main] org.apache.catalina.startup.Catalina.load Server initialization in [695] milliseconds
17-Jul-2021 00:54:43.471 INFO [main] org.apache.catalina.core.StandardService.startInternal Starting service [Catalina]
17-Jul-2021 00:54:43.471 INFO [main] org.apache.catalina.core.StandardEngine.startInternal Starting Servlet engine: [Apache Tomcat/9.0.50]
17-Jul-2021 00:54:43.481 INFO [main] org.apache.catalina.startup.HostConfig.deployDirectory Deploying web application directory [/home/sammith/tomcat/apache-tomcat-9.0.50/webapps/ROOT]
17-Jul-2021 00:54:43.764 INFO [main] org.apache.catalina.startup.HostConfig.deployDirectory Deployment of web application directory [/home/sammith/tomcat/apache-tomcat-9.0.50/webapps/ROOT] has finished in [282] ms
17-Jul-2021 00:54:43.764 INFO [main] org.apache.catalina.startup.HostConfig.deployDirectory Deploying web application directory [/home/sammith/tomcat/apache-tomcat-9.0.50/webapps/manager]
17-Jul-2021 00:54:43.826 INFO [main] org.apache.catalina.startup.HostConfig.deployDirectory Deployment of web application directory [/home/sammith/tomcat/apache-tomcat-9.0.50/webapps/manager] has finished in [61] ms
17-Jul-2021 00:54:43.826 INFO [main] org.apache.catalina.startup.HostConfig.deployDirectory Deploying web application directory [/home/sammith/tomcat/apache-tomcat-9.0.50/webapps/docs]
17-Jul-2021 00:54:43.851 INFO [main] org.apache.catalina.startup.HostConfig.deployDirectory Deployment of web application directory [/home/sammith/tomcat/apache-tomcat-9.0.50/webapps/docs] has finished in [25] ms
17-Jul-2021 00:54:43.852 INFO [main] org.apache.catalina.startup.HostConfig.deployDirectory Deploying web application directory [/home/sammith/tomcat/apache-tomcat-9.0.50/webapps/host-manager]
17-Jul-2021 00:54:43.878 INFO [main] org.apache.catalina.startup.HostConfig.deployDirectory Deployment of web application directory [/home/sammith/tomcat/apache-tomcat-9.0.50/webapps/host-manager] has finished in [26] ms
17-Jul-2021 00:54:43.879 INFO [main] org.apache.catalina.startup.HostConfig.deployDirectory Deploying web application directory [/home/sammith/tomcat/apache-tomcat-9.0.50/webapps/examples]
17-Jul-2021 00:54:44.145 INFO [main] org.apache.catalina.startup.HostConfig.deployDirectory Deployment of web application directory [/home/sammith/tomcat/apache-tomcat-9.0.50/webapps/examples] has finished in [266] ms
17-Jul-2021 00:54:44.170 INFO [main] org.apache.coyote.AbstractProtocol.start Starting ProtocolHandler ["http-nio-8080"]
17-Jul-2021 00:54:44.176 INFO [main] org.apache.catalina.startup.Catalina.start Server startup in [771] milliseconds
17-Jul-2021 00:54:59.156 INFO [catalina-exec-1] org.apache.catalina.startup.HostConfig.deployWAR Deploying web application archive [/home/sammith/tomcat/apache-tomcat-9.0.50/webapps/chat-app.war]
17-Jul-2021 00:55:00.597 INFO [catalina-exec-1] org.apache.jasper.servlet.TldScanner.scanJars At least one JAR was scanned for TLDs yet contained no TLDs. Enable debug logging for this logger for a complete list of JARs that were scanned but no TLDs were found in them. Skipping unneeded JARs during scanning can improve startup time and JSP compilation time.
17-Jul-2021 00:55:01.461 INFO [catalina-exec-1] org.apache.catalina.startup.HostConfig.deployWAR Deployment of web application archive [/home/sammith/tomcat/apache-tomcat-9.0.50/webapps/chat-app.war] has finished in [2,306] ms
17-Jul-2021 00:55:57.199 INFO [Thread-2] org.apache.coyote.AbstractProtocol.pause Pausing ProtocolHandler ["http-nio-8080"]
17-Jul-2021 00:55:57.209 INFO [Thread-2] org.apache.catalina.core.StandardService.stopInternal Stopping service [Catalina]
17-Jul-2021 00:55:57.258 INFO [Thread-2] org.apache.coyote.AbstractProtocol.stop Stopping ProtocolHandler ["http-nio-8080"]
17-Jul-2021 00:55:57.306 INFO [Thread-2] org.apache.coyote.AbstractProtocol.destroy Destroying ProtocolHandler ["http-nio-8080"]
17-Jul-2021 00:56:48.875 INFO [main] org.apache.catalina.startup.VersionLoggerListener.log Server version name:   Apache Tomcat/9.0.50
17-Jul-2021 00:56:48.878 INFO [main] org.apache.catalina.startup.VersionLoggerListener.log Server built:          Jun 28 2021 08:46:44 UTC
17-Jul-2021 00:56:48.879 INFO [main] org.apache.catalina.startup.VersionLoggerListener.log Server version number: 9.0.50.0
17-Jul-2021 00:56:48.879 INFO [main] org.apache.catalina.startup.VersionLoggerListener.log OS Name:               Linux
17-Jul-2021 00:56:48.879 INFO [main] org.apache.catalina.startup.VersionLoggerListener.log OS Version:            5.8.0-59-generic
17-Jul-2021 00:56:48.879 INFO [main] org.apache.catalina.startup.VersionLoggerListener.log Architecture:          amd64
17-Jul-2021 00:56:48.880 INFO [main] org.apache.catalina.startup.VersionLoggerListener.log Java Home:             /usr/lib/jvm/java-11-openjdk-amd64
17-Jul-2021 00:56:48.880 INFO [main] org.apache.catalina.startup.VersionLoggerListener.log JVM Version:           11.0.11+9-Ubuntu-0ubuntu2.20.04
17-Jul-2021 00:56:48.880 INFO [main] org.apache.catalina.startup.VersionLoggerListener.log JVM Vendor:            Ubuntu
17-Jul-2021 00:56:48.880 INFO [main] org.apache.catalina.startup.VersionLoggerListener.log CATALINA_BASE:         /home/sammith/tomcat/apache-tomcat-9.0.50
17-Jul-2021 00:56:48.880 INFO [main] org.apache.catalina.startup.VersionLoggerListener.log CATALINA_HOME:         /home/sammith/tomcat/apache-tomcat-9.0.50
17-Jul-2021 00:56:48.892 INFO [main] org.apache.catalina.startup.VersionLoggerListener.log Command line argument: --add-opens=java.base/java.lang=ALL-UNNAMED
17-Jul-2021 00:56:48.895 INFO [main] org.apache.catalina.startup.VersionLoggerListener.log Command line argument: --add-opens=java.base/java.io=ALL-UNNAMED
17-Jul-2021 00:56:48.895 INFO [main] org.apache.catalina.startup.VersionLoggerListener.log Command line argument: --add-opens=java.base/java.util=ALL-UNNAMED
17-Jul-2021 00:56:48.895 INFO [main] org.apache.catalina.startup.VersionLoggerListener.log Command line argument: --add-opens=java.base/java.util.concurrent=ALL-UNNAMED
17-Jul-2021 00:56:48.896 INFO [main] org.apache.catalina.startup.VersionLoggerListener.log Command line argument: --add-opens=java.rmi/sun.rmi.transport=ALL-UNNAMED
17-Jul-2021 00:56:48.896 INFO [main] org.apache.catalina.startup.VersionLoggerListener.log Command line argument: -Djava.util.logging.config.file=/home/sammith/tomcat/apache-tomcat-9.0.50/conf/logging.properties
17-Jul-2021 00:56:48.896 INFO [main] org.apache.catalina.startup.VersionLoggerListener.log Command line argument: -Djava.util.logging.manager=org.apache.juli.ClassLoaderLogManager
17-Jul-2021 00:56:48.896 INFO [main] org.apache.catalina.startup.VersionLoggerListener.log Command line argument: -Djdk.tls.ephemeralDHKeySize=2048
17-Jul-2021 00:56:48.896 INFO [main] org.apache.catalina.startup.VersionLoggerListener.log Command line argument: -Djava.protocol.handler.pkgs=org.apache.catalina.webresources
17-Jul-2021 00:56:48.896 INFO [main] org.apache.catalina.startup.VersionLoggerListener.log Command line argument: -Dorg.apache.catalina.security.SecurityListener.UMASK=0027
17-Jul-2021 00:56:48.896 INFO [main] org.apache.catalina.startup.VersionLoggerListener.log Command line argument: -Dignore.endorsed.dirs=
17-Jul-2021 00:56:48.897 INFO [main] org.apache.catalina.startup.VersionLoggerListener.log Command line argument: -Dcatalina.base=/home/sammith/tomcat/apache-tomcat-9.0.50
17-Jul-2021 00:56:48.897 INFO [main] org.apache.catalina.startup.VersionLoggerListener.log Command line argument: -Dcatalina.home=/home/sammith/tomcat/apache-tomcat-9.0.50
17-Jul-2021 00:56:48.897 INFO [main] org.apache.catalina.startup.VersionLoggerListener.log Command line argument: -Djava.io.tmpdir=/home/sammith/tomcat/apache-tomcat-9.0.50/temp
17-Jul-2021 00:56:48.900 INFO [main] org.apache.catalina.core.AprLifecycleListener.lifecycleEvent The Apache Tomcat Native library which allows using OpenSSL was not found on the java.library.path: [/usr/java/packages/lib:/usr/lib/x86_64-linux-gnu/jni:/lib/x86_64-linux-gnu:/usr/lib/x86_64-linux-gnu:/usr/lib/jni:/lib:/usr/lib]
17-Jul-2021 00:56:49.295 INFO [main] org.apache.coyote.AbstractProtocol.init Initializing ProtocolHandler ["http-nio-8080"]
17-Jul-2021 00:56:49.327 INFO [main] org.apache.catalina.startup.Catalina.load Server initialization in [681] milliseconds
17-Jul-2021 00:56:49.396 INFO [main] org.apache.catalina.core.StandardService.startInternal Starting service [Catalina]
17-Jul-2021 00:56:49.396 INFO [main] org.apache.catalina.core.StandardEngine.startInternal Starting Servlet engine: [Apache Tomcat/9.0.50]
17-Jul-2021 00:56:49.413 INFO [main] org.apache.catalina.startup.HostConfig.deployWAR Deploying web application archive [/home/sammith/tomcat/apache-tomcat-9.0.50/webapps/chat-app.war]
17-Jul-2021 00:56:51.037 INFO [main] org.apache.jasper.servlet.TldScanner.scanJars At least one JAR was scanned for TLDs yet contained no TLDs. Enable debug logging for this logger for a complete list of JARs that were scanned but no TLDs were found in them. Skipping unneeded JARs during scanning can improve startup time and JSP compilation time.
17-Jul-2021 00:56:52.611 INFO [main] org.apache.catalina.startup.HostConfig.deployWAR Deployment of web application archive [/home/sammith/tomcat/apache-tomcat-9.0.50/webapps/chat-app.war] has finished in [3,197] ms
17-Jul-2021 00:56:52.612 INFO [main] org.apache.catalina.startup.HostConfig.deployDirectory Deploying web application directory [/home/sammith/tomcat/apache-tomcat-9.0.50/webapps/ROOT]
17-Jul-2021 00:56:52.633 INFO [main] org.apache.catalina.startup.HostConfig.deployDirectory Deployment of web application directory [/home/sammith/tomcat/apache-tomcat-9.0.50/webapps/ROOT] has finished in [21] ms
17-Jul-2021 00:56:52.633 INFO [main] org.apache.catalina.startup.HostConfig.deployDirectory Deploying web application directory [/home/sammith/tomcat/apache-tomcat-9.0.50/webapps/manager]
17-Jul-2021 00:56:52.686 INFO [main] org.apache.catalina.startup.HostConfig.deployDirectory Deployment of web application directory [/home/sammith/tomcat/apache-tomcat-9.0.50/webapps/manager] has finished in [53] ms
17-Jul-2021 00:56:52.686 INFO [main] org.apache.catalina.startup.HostConfig.deployDirectory Deploying web application directory [/home/sammith/tomcat/apache-tomcat-9.0.50/webapps/docs]
17-Jul-2021 00:56:52.704 INFO [main] org.apache.catalina.startup.HostConfig.deployDirectory Deployment of web application directory [/home/sammith/tomcat/apache-tomcat-9.0.50/webapps/docs] has finished in [18] ms
17-Jul-2021 00:56:52.704 INFO [main] org.apache.catalina.startup.HostConfig.deployDirectory Deploying web application directory [/home/sammith/tomcat/apache-tomcat-9.0.50/webapps/host-manager]
17-Jul-2021 00:56:52.725 INFO [main] org.apache.catalina.startup.HostConfig.deployDirectory Deployment of web application directory [/home/sammith/tomcat/apache-tomcat-9.0.50/webapps/host-manager] has finished in [20] ms
17-Jul-2021 00:56:52.725 INFO [main] org.apache.catalina.startup.HostConfig.deployDirectory Deploying web application directory [/home/sammith/tomcat/apache-tomcat-9.0.50/webapps/examples]
17-Jul-2021 00:56:52.852 INFO [main] org.apache.catalina.startup.HostConfig.deployDirectory Deployment of web application directory [/home/sammith/tomcat/apache-tomcat-9.0.50/webapps/examples] has finished in [126] ms
17-Jul-2021 00:56:52.871 INFO [main] org.apache.coyote.AbstractProtocol.start Starting ProtocolHandler ["http-nio-8080"]
17-Jul-2021 00:56:52.879 INFO [main] org.apache.catalina.startup.Catalina.start Server startup in [3551] milliseconds
17-Jul-2021 00:58:23.063 INFO [catalina-exec-1] org.apache.catalina.startup.HostConfig.undeploy Undeploying context [/chat-app]
17-Jul-2021 00:58:23.097 INFO [catalina-exec-1] org.apache.catalina.startup.HostConfig.deployWAR Deploying web application archive [/home/sammith/tomcat/apache-tomcat-9.0.50/webapps/chat-app.war]
17-Jul-2021 00:58:24.564 INFO [catalina-exec-1] org.apache.jasper.servlet.TldScanner.scanJars At least one JAR was scanned for TLDs yet contained no TLDs. Enable debug logging for this logger for a complete list of JARs that were scanned but no TLDs were found in them. Skipping unneeded JARs during scanning can improve startup time and JSP compilation time.
17-Jul-2021 00:58:25.708 INFO [catalina-exec-1] org.apache.catalina.startup.HostConfig.deployWAR Deployment of web application archive [/home/sammith/tomcat/apache-tomcat-9.0.50/webapps/chat-app.war] has finished in [2,611] ms
17-Jul-2021 00:59:43.134 INFO [Thread-2] org.apache.coyote.AbstractProtocol.pause Pausing ProtocolHandler ["http-nio-8080"]
17-Jul-2021 00:59:43.139 INFO [Thread-2] org.apache.catalina.core.StandardService.stopInternal Stopping service [Catalina]
17-Jul-2021 00:59:43.176 INFO [Thread-2] org.apache.coyote.AbstractProtocol.stop Stopping ProtocolHandler ["http-nio-8080"]
17-Jul-2021 00:59:43.200 INFO [Thread-2] org.apache.coyote.AbstractProtocol.destroy Destroying ProtocolHandler ["http-nio-8080"]
17-Jul-2021 01:01:29.676 INFO [main] org.apache.catalina.startup.VersionLoggerListener.log Server version name:   Apache Tomcat/9.0.50
17-Jul-2021 01:01:29.679 INFO [main] org.apache.catalina.startup.VersionLoggerListener.log Server built:          Jun 28 2021 08:46:44 UTC
17-Jul-2021 01:01:29.679 INFO [main] org.apache.catalina.startup.VersionLoggerListener.log Server version number: 9.0.50.0
17-Jul-2021 01:01:29.679 INFO [main] org.apache.catalina.startup.VersionLoggerListener.log OS Name:               Linux
17-Jul-2021 01:01:29.679 INFO [main] org.apache.catalina.startup.VersionLoggerListener.log OS Version:            5.8.0-59-generic
17-Jul-2021 01:01:29.680 INFO [main] org.apache.catalina.startup.VersionLoggerListener.log Architecture:          amd64
17-Jul-2021 01:01:29.680 INFO [main] org.apache.catalina.startup.VersionLoggerListener.log Java Home:             /usr/lib/jvm/java-11-openjdk-amd64
17-Jul-2021 01:01:29.680 INFO [main] org.apache.catalina.startup.VersionLoggerListener.log JVM Version:           11.0.11+9-Ubuntu-0ubuntu2.20.04
17-Jul-2021 01:01:29.680 INFO [main] org.apache.catalina.startup.VersionLoggerListener.log JVM Vendor:            Ubuntu
17-Jul-2021 01:01:29.680 INFO [main] org.apache.catalina.startup.VersionLoggerListener.log CATALINA_BASE:         /home/sammith/tomcat/apache-tomcat-9.0.50
17-Jul-2021 01:01:29.680 INFO [main] org.apache.catalina.startup.VersionLoggerListener.log CATALINA_HOME:         /home/sammith/tomcat/apache-tomcat-9.0.50
17-Jul-2021 01:01:29.692 INFO [main] org.apache.catalina.startup.VersionLoggerListener.log Command line argument: --add-opens=java.base/java.lang=ALL-UNNAMED
17-Jul-2021 01:01:29.692 INFO [main] org.apache.catalina.startup.VersionLoggerListener.log Command line argument: --add-opens=java.base/java.io=ALL-UNNAMED
17-Jul-2021 01:01:29.692 INFO [main] org.apache.catalina.startup.VersionLoggerListener.log Command line argument: --add-opens=java.base/java.util=ALL-UNNAMED
17-Jul-2021 01:01:29.693 INFO [main] org.apache.catalina.startup.VersionLoggerListener.log Command line argument: --add-opens=java.base/java.util.concurrent=ALL-UNNAMED
17-Jul-2021 01:01:29.693 INFO [main] org.apache.catalina.startup.VersionLoggerListener.log Command line argument: --add-opens=java.rmi/sun.rmi.transport=ALL-UNNAMED
17-Jul-2021 01:01:29.693 INFO [main] org.apache.catalina.startup.VersionLoggerListener.log Command line argument: -Djava.util.logging.config.file=/home/sammith/tomcat/apache-tomcat-9.0.50/conf/logging.properties
17-Jul-2021 01:01:29.693 INFO [main] org.apache.catalina.startup.VersionLoggerListener.log Command line argument: -Djava.util.logging.manager=org.apache.juli.ClassLoaderLogManager
17-Jul-2021 01:01:29.693 INFO [main] org.apache.catalina.startup.VersionLoggerListener.log Command line argument: -Djdk.tls.ephemeralDHKeySize=2048
17-Jul-2021 01:01:29.693 INFO [main] org.apache.catalina.startup.VersionLoggerListener.log Command line argument: -Djava.protocol.handler.pkgs=org.apache.catalina.webresources
17-Jul-2021 01:01:29.693 INFO [main] org.apache.catalina.startup.VersionLoggerListener.log Command line argument: -Dorg.apache.catalina.security.SecurityListener.UMASK=0027
17-Jul-2021 01:01:29.694 INFO [main] org.apache.catalina.startup.VersionLoggerListener.log Command line argument: -Dignore.endorsed.dirs=
17-Jul-2021 01:01:29.694 INFO [main] org.apache.catalina.startup.VersionLoggerListener.log Command line argument: -Dcatalina.base=/home/sammith/tomcat/apache-tomcat-9.0.50
17-Jul-2021 01:01:29.694 INFO [main] org.apache.catalina.startup.VersionLoggerListener.log Command line argument: -Dcatalina.home=/home/sammith/tomcat/apache-tomcat-9.0.50
17-Jul-2021 01:01:29.694 INFO [main] org.apache.catalina.startup.VersionLoggerListener.log Command line argument: -Djava.io.tmpdir=/home/sammith/tomcat/apache-tomcat-9.0.50/temp
17-Jul-2021 01:01:29.695 INFO [main] org.apache.catalina.core.AprLifecycleListener.lifecycleEvent The Apache Tomcat Native library which allows using OpenSSL was not found on the java.library.path: [/usr/java/packages/lib:/usr/lib/x86_64-linux-gnu/jni:/lib/x86_64-linux-gnu:/usr/lib/x86_64-linux-gnu:/usr/lib/jni:/lib:/usr/lib]
17-Jul-2021 01:01:30.071 INFO [main] org.apache.coyote.AbstractProtocol.init Initializing ProtocolHandler ["http-nio-8080"]
17-Jul-2021 01:01:30.100 INFO [main] org.apache.catalina.startup.Catalina.load Server initialization in [657] milliseconds
17-Jul-2021 01:01:30.171 INFO [main] org.apache.catalina.core.StandardService.startInternal Starting service [Catalina]
17-Jul-2021 01:01:30.171 INFO [main] org.apache.catalina.core.StandardEngine.startInternal Starting Servlet engine: [Apache Tomcat/9.0.50]
17-Jul-2021 01:01:30.188 INFO [main] org.apache.catalina.startup.HostConfig.deployWAR Deploying web application archive [/home/sammith/tomcat/apache-tomcat-9.0.50/webapps/chat-app.war]
17-Jul-2021 01:01:31.897 INFO [main] org.apache.jasper.servlet.TldScanner.scanJars At least one JAR was scanned for TLDs yet contained no TLDs. Enable debug logging for this logger for a complete list of JARs that were scanned but no TLDs were found in them. Skipping unneeded JARs during scanning can improve startup time and JSP compilation time.
17-Jul-2021 01:01:33.544 INFO [main] org.apache.catalina.startup.HostConfig.deployWAR Deployment of web application archive [/home/sammith/tomcat/apache-tomcat-9.0.50/webapps/chat-app.war] has finished in [3,354] ms
17-Jul-2021 01:01:33.548 INFO [main] org.apache.catalina.startup.HostConfig.deployDirectory Deploying web application directory [/home/sammith/tomcat/apache-tomcat-9.0.50/webapps/ROOT]
17-Jul-2021 01:01:33.569 INFO [main] org.apache.catalina.startup.HostConfig.deployDirectory Deployment of web application directory [/home/sammith/tomcat/apache-tomcat-9.0.50/webapps/ROOT] has finished in [20] ms
17-Jul-2021 01:01:33.569 INFO [main] org.apache.catalina.startup.HostConfig.deployDirectory Deploying web application directory [/home/sammith/tomcat/apache-tomcat-9.0.50/webapps/manager]
17-Jul-2021 01:01:33.616 INFO [main] org.apache.catalina.startup.HostConfig.deployDirectory Deployment of web application directory [/home/sammith/tomcat/apache-tomcat-9.0.50/webapps/manager] has finished in [47] ms
17-Jul-2021 01:01:33.616 INFO [main] org.apache.catalina.startup.HostConfig.deployDirectory Deploying web application directory [/home/sammith/tomcat/apache-tomcat-9.0.50/webapps/docs]
17-Jul-2021 01:01:33.635 INFO [main] org.apache.catalina.startup.HostConfig.deployDirectory Deployment of web application directory [/home/sammith/tomcat/apache-tomcat-9.0.50/webapps/docs] has finished in [19] ms
17-Jul-2021 01:01:33.636 INFO [main] org.apache.catalina.startup.HostConfig.deployDirectory Deploying web application directory [/home/sammith/tomcat/apache-tomcat-9.0.50/webapps/host-manager]
17-Jul-2021 01:01:33.657 INFO [main] org.apache.catalina.startup.HostConfig.deployDirectory Deployment of web application directory [/home/sammith/tomcat/apache-tomcat-9.0.50/webapps/host-manager] has finished in [21] ms
17-Jul-2021 01:01:33.658 INFO [main] org.apache.catalina.startup.HostConfig.deployDirectory Deploying web application directory [/home/sammith/tomcat/apache-tomcat-9.0.50/webapps/examples]
17-Jul-2021 01:01:33.789 INFO [main] org.apache.catalina.startup.HostConfig.deployDirectory Deployment of web application directory [/home/sammith/tomcat/apache-tomcat-9.0.50/webapps/examples] has finished in [131] ms
17-Jul-2021 01:01:33.800 INFO [main] org.apache.coyote.AbstractProtocol.start Starting ProtocolHandler ["http-nio-8080"]
17-Jul-2021 01:01:33.809 INFO [main] org.apache.catalina.startup.Catalina.start Server startup in [3708] milliseconds
17-Jul-2021 01:02:05.185 WARNING [catalina-exec-1] org.apache.catalina.realm.LockOutRealm.filterLockedAccounts An attempt was made to authenticate the locked user [{env.tomcatUser}]
17-Jul-2021 01:02:06.342 WARNING [catalina-exec-2] org.apache.catalina.realm.LockOutRealm.filterLockedAccounts An attempt was made to authenticate the locked user [{env.tomcatUser}]
17-Jul-2021 01:02:07.404 WARNING [catalina-exec-3] org.apache.catalina.realm.LockOutRealm.filterLockedAccounts An attempt was made to authenticate the locked user [{env.tomcatUser}]
17-Jul-2021 01:02:08.469 WARNING [catalina-exec-4] org.apache.catalina.realm.LockOutRealm.filterLockedAccounts An attempt was made to authenticate the locked user [{env.tomcatUser}]
17-Jul-2021 01:02:49.032 INFO [catalina-exec-1] org.apache.catalina.startup.HostConfig.undeploy Undeploying context [/chat-app]
17-Jul-2021 01:02:49.062 INFO [catalina-exec-1] org.apache.catalina.startup.HostConfig.deployWAR Deploying web application archive [/home/sammith/tomcat/apache-tomcat-9.0.50/webapps/chat-app.war]
17-Jul-2021 01:02:50.152 INFO [catalina-exec-1] org.apache.jasper.servlet.TldScanner.scanJars At least one JAR was scanned for TLDs yet contained no TLDs. Enable debug logging for this logger for a complete list of JARs that were scanned but no TLDs were found in them. Skipping unneeded JARs during scanning can improve startup time and JSP compilation time.
17-Jul-2021 01:02:51.332 INFO [catalina-exec-1] org.apache.catalina.startup.HostConfig.deployWAR Deployment of web application archive [/home/sammith/tomcat/apache-tomcat-9.0.50/webapps/chat-app.war] has finished in [2,269] ms
17-Jul-2021 01:06:09.760 INFO [catalina-exec-5] org.apache.catalina.startup.HostConfig.undeploy Undeploying context [/chat-app]
17-Jul-2021 01:06:09.778 INFO [catalina-exec-5] org.apache.catalina.startup.HostConfig.deployWAR Deploying web application archive [/home/sammith/tomcat/apache-tomcat-9.0.50/webapps/chat-app.war]
17-Jul-2021 01:06:10.758 INFO [catalina-exec-5] org.apache.jasper.servlet.TldScanner.scanJars At least one JAR was scanned for TLDs yet contained no TLDs. Enable debug logging for this logger for a complete list of JARs that were scanned but no TLDs were found in them. Skipping unneeded JARs during scanning can improve startup time and JSP compilation time.
17-Jul-2021 01:06:11.813 INFO [catalina-exec-5] org.apache.catalina.startup.HostConfig.deployWAR Deployment of web application archive [/home/sammith/tomcat/apache-tomcat-9.0.50/webapps/chat-app.war] has finished in [2,035] ms
17-Jul-2021 01:07:42.161 INFO [Thread-2] org.apache.coyote.AbstractProtocol.pause Pausing ProtocolHandler ["http-nio-8080"]
17-Jul-2021 01:07:42.178 INFO [Thread-2] org.apache.catalina.core.StandardService.stopInternal Stopping service [Catalina]
17-Jul-2021 01:07:42.247 INFO [Thread-2] org.apache.coyote.AbstractProtocol.stop Stopping ProtocolHandler ["http-nio-8080"]
17-Jul-2021 01:07:42.277 INFO [Thread-2] org.apache.coyote.AbstractProtocol.destroy Destroying ProtocolHandler ["http-nio-8080"]
